{"/home/ansif/Documents/Learning-website/backend/controllers/quizController.js": {"path":"/home/ansif/Documents/Learning-website/backend/controllers/quizController.js","statementMap":{"0":{"start":{"line":1,"column":13},"end":{"line":1,"column":38}},"1":{"start":{"line":2,"column":15},"end":{"line":2,"column":42}},"2":{"start":{"line":3,"column":24},"end":{"line":3,"column":48}},"3":{"start":{"line":4,"column":32},"end":{"line":4,"column":64}},"4":{"start":{"line":6,"column":29},"end":{"line":67,"column":1}},"5":{"start":{"line":8,"column":2},"end":{"line":10,"column":3}},"6":{"start":{"line":9,"column":4},"end":{"line":9,"column":49}},"7":{"start":{"line":12,"column":17},"end":{"line":12,"column":48}},"8":{"start":{"line":13,"column":2},"end":{"line":13,"column":51}},"9":{"start":{"line":13,"column":15},"end":{"line":13,"column":51}},"10":{"start":{"line":15,"column":23},"end":{"line":15,"column":55}},"11":{"start":{"line":16,"column":2},"end":{"line":16,"column":40}},"12":{"start":{"line":16,"column":20},"end":{"line":16,"column":40}},"13":{"start":{"line":18,"column":17},"end":{"line":49,"column":1}},"14":{"start":{"line":51,"column":13},"end":{"line":51,"column":32}},"15":{"start":{"line":52,"column":19},"end":{"line":58,"column":4}},"16":{"start":{"line":60,"column":15},"end":{"line":60,"column":28}},"17":{"start":{"line":61,"column":22},"end":{"line":61,"column":78}},"18":{"start":{"line":62,"column":24},"end":{"line":62,"column":47}},"19":{"start":{"line":64,"column":18},"end":{"line":64,"column":51}},"20":{"start":{"line":65,"column":2},"end":{"line":65,"column":23}},"21":{"start":{"line":66,"column":2},"end":{"line":66,"column":17}},"22":{"start":{"line":69,"column":0},"end":{"line":69,"column":52}},"23":{"start":{"line":72,"column":0},"end":{"line":85,"column":2}},"24":{"start":{"line":73,"column":2},"end":{"line":84,"column":3}},"25":{"start":{"line":74,"column":19},"end":{"line":74,"column":72}},"26":{"start":{"line":75,"column":4},"end":{"line":75,"column":76}},"27":{"start":{"line":75,"column":17},"end":{"line":75,"column":76}},"28":{"start":{"line":76,"column":17},"end":{"line":76,"column":55}},"29":{"start":{"line":77,"column":4},"end":{"line":77,"column":23}},"30":{"start":{"line":79,"column":4},"end":{"line":81,"column":5}},"31":{"start":{"line":80,"column":6},"end":{"line":80,"column":58}},"32":{"start":{"line":82,"column":4},"end":{"line":82,"column":49}},"33":{"start":{"line":83,"column":4},"end":{"line":83,"column":14}},"34":{"start":{"line":88,"column":0},"end":{"line":94,"column":2}},"35":{"start":{"line":89,"column":17},"end":{"line":89,"column":70}},"36":{"start":{"line":90,"column":2},"end":{"line":90,"column":88}},"37":{"start":{"line":90,"column":15},"end":{"line":90,"column":88}},"38":{"start":{"line":91,"column":15},"end":{"line":91,"column":59}},"39":{"start":{"line":92,"column":2},"end":{"line":92,"column":70}},"40":{"start":{"line":92,"column":13},"end":{"line":92,"column":70}},"41":{"start":{"line":93,"column":2},"end":{"line":93,"column":17}},"42":{"start":{"line":97,"column":0},"end":{"line":201,"column":2}},"43":{"start":{"line":98,"column":2},"end":{"line":200,"column":3}},"44":{"start":{"line":99,"column":24},"end":{"line":99,"column":32}},"45":{"start":{"line":102,"column":4},"end":{"line":104,"column":5}},"46":{"start":{"line":103,"column":6},"end":{"line":103,"column":73}},"47":{"start":{"line":106,"column":19},"end":{"line":106,"column":72}},"48":{"start":{"line":107,"column":4},"end":{"line":107,"column":76}},"49":{"start":{"line":107,"column":17},"end":{"line":107,"column":76}},"50":{"start":{"line":109,"column":17},"end":{"line":109,"column":61}},"51":{"start":{"line":110,"column":4},"end":{"line":110,"column":72}},"52":{"start":{"line":110,"column":15},"end":{"line":110,"column":72}},"53":{"start":{"line":113,"column":4},"end":{"line":117,"column":5}},"54":{"start":{"line":114,"column":6},"end":{"line":116,"column":9}},"55":{"start":{"line":120,"column":4},"end":{"line":122,"column":5}},"56":{"start":{"line":121,"column":6},"end":{"line":121,"column":86}},"57":{"start":{"line":125,"column":4},"end":{"line":127,"column":5}},"58":{"start":{"line":125,"column":31},"end":{"line":125,"column":87}},"59":{"start":{"line":126,"column":6},"end":{"line":126,"column":79}},"60":{"start":{"line":129,"column":16},"end":{"line":129,"column":17}},"61":{"start":{"line":130,"column":28},"end":{"line":130,"column":30}},"62":{"start":{"line":132,"column":4},"end":{"line":172,"column":7}},"63":{"start":{"line":134,"column":22},"end":{"line":134,"column":27}},"64":{"start":{"line":135,"column":22},"end":{"line":135,"column":61}},"65":{"start":{"line":136,"column":20},"end":{"line":136,"column":64}},"66":{"start":{"line":139,"column":6},"end":{"line":150,"column":7}},"67":{"start":{"line":140,"column":20},"end":{"line":140,"column":64}},"68":{"start":{"line":141,"column":8},"end":{"line":141,"column":74}},"69":{"start":{"line":141,"column":28},"end":{"line":141,"column":74}},"70":{"start":{"line":142,"column":13},"end":{"line":150,"column":7}},"71":{"start":{"line":143,"column":18},"end":{"line":143,"column":20}},"72":{"start":{"line":144,"column":8},"end":{"line":144,"column":66}},"73":{"start":{"line":144,"column":38},"end":{"line":144,"column":66}},"74":{"start":{"line":145,"column":8},"end":{"line":145,"column":37}},"75":{"start":{"line":145,"column":29},"end":{"line":145,"column":37}},"76":{"start":{"line":146,"column":8},"end":{"line":146,"column":37}},"77":{"start":{"line":146,"column":29},"end":{"line":146,"column":37}},"78":{"start":{"line":147,"column":8},"end":{"line":147,"column":37}},"79":{"start":{"line":147,"column":29},"end":{"line":147,"column":37}},"80":{"start":{"line":148,"column":8},"end":{"line":148,"column":37}},"81":{"start":{"line":148,"column":29},"end":{"line":148,"column":37}},"82":{"start":{"line":149,"column":8},"end":{"line":149,"column":86}},"83":{"start":{"line":149,"column":40},"end":{"line":149,"column":86}},"84":{"start":{"line":152,"column":22},"end":{"line":152,"column":29}},"85":{"start":{"line":154,"column":6},"end":{"line":157,"column":7}},"86":{"start":{"line":155,"column":8},"end":{"line":155,"column":25}},"87":{"start":{"line":156,"column":8},"end":{"line":156,"column":16}},"88":{"start":{"line":160,"column":39},"end":{"line":162,"column":26}},"89":{"start":{"line":161,"column":15},"end":{"line":161,"column":51}},"90":{"start":{"line":164,"column":6},"end":{"line":171,"column":9}},"91":{"start":{"line":175,"column":21},"end":{"line":175,"column":30}},"92":{"start":{"line":176,"column":4},"end":{"line":178,"column":5}},"93":{"start":{"line":177,"column":6},"end":{"line":177,"column":30}},"94":{"start":{"line":181,"column":4},"end":{"line":181,"column":45}},"95":{"start":{"line":184,"column":31},"end":{"line":184,"column":60}},"96":{"start":{"line":186,"column":4},"end":{"line":186,"column":26}},"97":{"start":{"line":188,"column":4},"end":{"line":196,"column":7}},"98":{"start":{"line":198,"column":4},"end":{"line":198,"column":49}},"99":{"start":{"line":199,"column":4},"end":{"line":199,"column":14}}},"fnMap":{"0":{"name":"(anonymous_0)","decl":{"start":{"line":6,"column":29},"end":{"line":6,"column":30}},"loc":{"start":{"line":6,"column":49},"end":{"line":67,"column":1}},"line":6},"1":{"name":"(anonymous_1)","decl":{"start":{"line":72,"column":23},"end":{"line":72,"column":24}},"loc":{"start":{"line":72,"column":49},"end":{"line":85,"column":1}},"line":72},"2":{"name":"(anonymous_2)","decl":{"start":{"line":88,"column":26},"end":{"line":88,"column":27}},"loc":{"start":{"line":88,"column":46},"end":{"line":94,"column":1}},"line":88},"3":{"name":"(anonymous_3)","decl":{"start":{"line":97,"column":21},"end":{"line":97,"column":22}},"loc":{"start":{"line":97,"column":47},"end":{"line":201,"column":1}},"line":97},"4":{"name":"(anonymous_4)","decl":{"start":{"line":125,"column":21},"end":{"line":125,"column":22}},"loc":{"start":{"line":125,"column":31},"end":{"line":125,"column":87}},"line":125},"5":{"name":"(anonymous_5)","decl":{"start":{"line":132,"column":27},"end":{"line":132,"column":28}},"loc":{"start":{"line":132,"column":37},"end":{"line":172,"column":5}},"line":132},"6":{"name":"(anonymous_6)","decl":{"start":{"line":161,"column":8},"end":{"line":161,"column":9}},"loc":{"start":{"line":161,"column":15},"end":{"line":161,"column":51}},"line":161}},"branchMap":{"0":{"loc":{"start":{"line":8,"column":2},"end":{"line":10,"column":3}},"type":"if","locations":[{"start":{"line":8,"column":2},"end":{"line":10,"column":3}},{"start":{},"end":{}}],"line":8},"1":{"loc":{"start":{"line":13,"column":2},"end":{"line":13,"column":51}},"type":"if","locations":[{"start":{"line":13,"column":2},"end":{"line":13,"column":51}},{"start":{},"end":{}}],"line":13},"2":{"loc":{"start":{"line":16,"column":2},"end":{"line":16,"column":40}},"type":"if","locations":[{"start":{"line":16,"column":2},"end":{"line":16,"column":40}},{"start":{},"end":{}}],"line":16},"3":{"loc":{"start":{"line":75,"column":4},"end":{"line":75,"column":76}},"type":"if","locations":[{"start":{"line":75,"column":4},"end":{"line":75,"column":76}},{"start":{},"end":{}}],"line":75},"4":{"loc":{"start":{"line":79,"column":4},"end":{"line":81,"column":5}},"type":"if","locations":[{"start":{"line":79,"column":4},"end":{"line":81,"column":5}},{"start":{},"end":{}}],"line":79},"5":{"loc":{"start":{"line":90,"column":2},"end":{"line":90,"column":88}},"type":"if","locations":[{"start":{"line":90,"column":2},"end":{"line":90,"column":88}},{"start":{},"end":{}}],"line":90},"6":{"loc":{"start":{"line":92,"column":2},"end":{"line":92,"column":70}},"type":"if","locations":[{"start":{"line":92,"column":2},"end":{"line":92,"column":70}},{"start":{},"end":{}}],"line":92},"7":{"loc":{"start":{"line":102,"column":4},"end":{"line":104,"column":5}},"type":"if","locations":[{"start":{"line":102,"column":4},"end":{"line":104,"column":5}},{"start":{},"end":{}}],"line":102},"8":{"loc":{"start":{"line":107,"column":4},"end":{"line":107,"column":76}},"type":"if","locations":[{"start":{"line":107,"column":4},"end":{"line":107,"column":76}},{"start":{},"end":{}}],"line":107},"9":{"loc":{"start":{"line":110,"column":4},"end":{"line":110,"column":72}},"type":"if","locations":[{"start":{"line":110,"column":4},"end":{"line":110,"column":72}},{"start":{},"end":{}}],"line":110},"10":{"loc":{"start":{"line":113,"column":4},"end":{"line":117,"column":5}},"type":"if","locations":[{"start":{"line":113,"column":4},"end":{"line":117,"column":5}},{"start":{},"end":{}}],"line":113},"11":{"loc":{"start":{"line":120,"column":4},"end":{"line":122,"column":5}},"type":"if","locations":[{"start":{"line":120,"column":4},"end":{"line":122,"column":5}},{"start":{},"end":{}}],"line":120},"12":{"loc":{"start":{"line":125,"column":4},"end":{"line":127,"column":5}},"type":"if","locations":[{"start":{"line":125,"column":4},"end":{"line":127,"column":5}},{"start":{},"end":{}}],"line":125},"13":{"loc":{"start":{"line":125,"column":31},"end":{"line":125,"column":87}},"type":"binary-expr","locations":[{"start":{"line":125,"column":31},"end":{"line":125,"column":44}},{"start":{"line":125,"column":48},"end":{"line":125,"column":63}},{"start":{"line":125,"column":67},"end":{"line":125,"column":87}}],"line":125},"14":{"loc":{"start":{"line":135,"column":23},"end":{"line":135,"column":39}},"type":"binary-expr","locations":[{"start":{"line":135,"column":23},"end":{"line":135,"column":33}},{"start":{"line":135,"column":37},"end":{"line":135,"column":39}}],"line":135},"15":{"loc":{"start":{"line":136,"column":21},"end":{"line":136,"column":42}},"type":"binary-expr","locations":[{"start":{"line":136,"column":21},"end":{"line":136,"column":36}},{"start":{"line":136,"column":40},"end":{"line":136,"column":42}}],"line":136},"16":{"loc":{"start":{"line":139,"column":6},"end":{"line":150,"column":7}},"type":"if","locations":[{"start":{"line":139,"column":6},"end":{"line":150,"column":7}},{"start":{"line":142,"column":13},"end":{"line":150,"column":7}}],"line":139},"17":{"loc":{"start":{"line":141,"column":8},"end":{"line":141,"column":74}},"type":"if","locations":[{"start":{"line":141,"column":8},"end":{"line":141,"column":74}},{"start":{},"end":{}}],"line":141},"18":{"loc":{"start":{"line":142,"column":13},"end":{"line":150,"column":7}},"type":"if","locations":[{"start":{"line":142,"column":13},"end":{"line":150,"column":7}},{"start":{},"end":{}}],"line":142},"19":{"loc":{"start":{"line":142,"column":17},"end":{"line":142,"column":69}},"type":"binary-expr","locations":[{"start":{"line":142,"column":17},"end":{"line":142,"column":37}},{"start":{"line":142,"column":41},"end":{"line":142,"column":69}}],"line":142},"20":{"loc":{"start":{"line":144,"column":8},"end":{"line":144,"column":66}},"type":"if","locations":[{"start":{"line":144,"column":8},"end":{"line":144,"column":66}},{"start":{},"end":{}}],"line":144},"21":{"loc":{"start":{"line":145,"column":8},"end":{"line":145,"column":37}},"type":"if","locations":[{"start":{"line":145,"column":8},"end":{"line":145,"column":37}},{"start":{},"end":{}}],"line":145},"22":{"loc":{"start":{"line":146,"column":8},"end":{"line":146,"column":37}},"type":"if","locations":[{"start":{"line":146,"column":8},"end":{"line":146,"column":37}},{"start":{},"end":{}}],"line":146},"23":{"loc":{"start":{"line":147,"column":8},"end":{"line":147,"column":37}},"type":"if","locations":[{"start":{"line":147,"column":8},"end":{"line":147,"column":37}},{"start":{},"end":{}}],"line":147},"24":{"loc":{"start":{"line":148,"column":8},"end":{"line":148,"column":37}},"type":"if","locations":[{"start":{"line":148,"column":8},"end":{"line":148,"column":37}},{"start":{},"end":{}}],"line":148},"25":{"loc":{"start":{"line":149,"column":8},"end":{"line":149,"column":86}},"type":"if","locations":[{"start":{"line":149,"column":8},"end":{"line":149,"column":86}},{"start":{},"end":{}}],"line":149},"26":{"loc":{"start":{"line":149,"column":12},"end":{"line":149,"column":38}},"type":"binary-expr","locations":[{"start":{"line":149,"column":12},"end":{"line":149,"column":20}},{"start":{"line":149,"column":24},"end":{"line":149,"column":38}}],"line":149},"27":{"loc":{"start":{"line":154,"column":6},"end":{"line":157,"column":7}},"type":"if","locations":[{"start":{"line":154,"column":6},"end":{"line":157,"column":7}},{"start":{},"end":{}}],"line":154},"28":{"loc":{"start":{"line":160,"column":39},"end":{"line":162,"column":26}},"type":"binary-expr","locations":[{"start":{"line":160,"column":39},"end":{"line":162,"column":7}},{"start":{"line":162,"column":11},"end":{"line":162,"column":26}}],"line":160},"29":{"loc":{"start":{"line":176,"column":4},"end":{"line":178,"column":5}},"type":"if","locations":[{"start":{"line":176,"column":4},"end":{"line":178,"column":5}},{"start":{},"end":{}}],"line":176},"30":{"loc":{"start":{"line":194,"column":17},"end":{"line":194,"column":41}},"type":"binary-expr","locations":[{"start":{"line":194,"column":17},"end":{"line":194,"column":35}},{"start":{"line":194,"column":39},"end":{"line":194,"column":41}}],"line":194}},"s":{"0":1,"1":1,"2":1,"3":1,"4":1,"5":0,"6":0,"7":0,"8":0,"9":0,"10":0,"11":0,"12":0,"13":0,"14":0,"15":0,"16":0,"17":0,"18":0,"19":0,"20":0,"21":0,"22":1,"23":1,"24":0,"25":0,"26":0,"27":0,"28":0,"29":0,"30":0,"31":0,"32":0,"33":0,"34":1,"35":0,"36":0,"37":0,"38":0,"39":0,"40":0,"41":0,"42":1,"43":0,"44":0,"45":0,"46":0,"47":0,"48":0,"49":0,"50":0,"51":0,"52":0,"53":0,"54":0,"55":0,"56":0,"57":0,"58":0,"59":0,"60":0,"61":0,"62":0,"63":0,"64":0,"65":0,"66":0,"67":0,"68":0,"69":0,"70":0,"71":0,"72":0,"73":0,"74":0,"75":0,"76":0,"77":0,"78":0,"79":0,"80":0,"81":0,"82":0,"83":0,"84":0,"85":0,"86":0,"87":0,"88":0,"89":0,"90":0,"91":0,"92":0,"93":0,"94":0,"95":0,"96":0,"97":0,"98":0,"99":0},"f":{"0":0,"1":0,"2":0,"3":0,"4":0,"5":0,"6":0},"b":{"0":[0,0],"1":[0,0],"2":[0,0],"3":[0,0],"4":[0,0],"5":[0,0],"6":[0,0],"7":[0,0],"8":[0,0],"9":[0,0],"10":[0,0],"11":[0,0],"12":[0,0],"13":[0,0,0],"14":[0,0],"15":[0,0],"16":[0,0],"17":[0,0],"18":[0,0],"19":[0,0],"20":[0,0],"21":[0,0],"22":[0,0],"23":[0,0],"24":[0,0],"25":[0,0],"26":[0,0],"27":[0,0],"28":[0,0],"29":[0,0],"30":[0,0]},"_coverageSchema":"1a1c01bbd47fc00a2c39e90264f33305004495a9","hash":"697ff8f258a5216ed63f59da841915f184fb6f5c"}
,"/home/ansif/Documents/Learning-website/backend/controllers/userController.js": {"path":"/home/ansif/Documents/Learning-website/backend/controllers/userController.js","statementMap":{"0":{"start":{"line":1,"column":13},"end":{"line":1,"column":38}},"1":{"start":{"line":2,"column":17},"end":{"line":2,"column":45}},"2":{"start":{"line":3,"column":33},"end":{"line":3,"column":60}},"3":{"start":{"line":4,"column":32},"end":{"line":4,"column":64}},"4":{"start":{"line":11,"column":0},"end":{"line":22,"column":2}},"5":{"start":{"line":12,"column":18},"end":{"line":12,"column":68}},"6":{"start":{"line":13,"column":72},"end":{"line":13,"column":79}},"7":{"start":{"line":16,"column":29},"end":{"line":16,"column":103}},"8":{"start":{"line":18,"column":2},"end":{"line":21,"column":5}},"9":{"start":{"line":28,"column":0},"end":{"line":50,"column":2}},"10":{"start":{"line":29,"column":2},"end":{"line":49,"column":3}},"11":{"start":{"line":30,"column":31},"end":{"line":30,"column":39}},"12":{"start":{"line":33,"column":4},"end":{"line":38,"column":5}},"13":{"start":{"line":34,"column":23},"end":{"line":34,"column":55}},"14":{"start":{"line":35,"column":6},"end":{"line":37,"column":7}},"15":{"start":{"line":36,"column":8},"end":{"line":36,"column":76}},"16":{"start":{"line":40,"column":4},"end":{"line":40,"column":35}},"17":{"start":{"line":40,"column":14},"end":{"line":40,"column":35}},"18":{"start":{"line":41,"column":4},"end":{"line":41,"column":47}},"19":{"start":{"line":41,"column":18},"end":{"line":41,"column":47}},"20":{"start":{"line":43,"column":4},"end":{"line":43,"column":26}},"21":{"start":{"line":45,"column":41},"end":{"line":45,"column":60}},"22":{"start":{"line":46,"column":4},"end":{"line":46,"column":26}},"23":{"start":{"line":48,"column":4},"end":{"line":48,"column":14}},"24":{"start":{"line":56,"column":0},"end":{"line":105,"column":2}},"25":{"start":{"line":57,"column":2},"end":{"line":104,"column":3}},"26":{"start":{"line":58,"column":4},"end":{"line":60,"column":5}},"27":{"start":{"line":59,"column":6},"end":{"line":59,"column":65}},"28":{"start":{"line":63,"column":4},"end":{"line":66,"column":5}},"29":{"start":{"line":64,"column":6},"end":{"line":64,"column":54}},"30":{"start":{"line":65,"column":6},"end":{"line":65,"column":84}},"31":{"start":{"line":69,"column":4},"end":{"line":74,"column":7}},"32":{"start":{"line":76,"column":21},"end":{"line":81,"column":6}},"33":{"start":{"line":83,"column":4},"end":{"line":83,"column":55}},"34":{"start":{"line":85,"column":4},"end":{"line":85,"column":38}},"35":{"start":{"line":86,"column":4},"end":{"line":86,"column":26}},"36":{"start":{"line":88,"column":4},"end":{"line":88,"column":42}},"37":{"start":{"line":90,"column":4},"end":{"line":95,"column":7}},"38":{"start":{"line":98,"column":4},"end":{"line":100,"column":5}},"39":{"start":{"line":99,"column":6},"end":{"line":99,"column":75}},"40":{"start":{"line":103,"column":4},"end":{"line":103,"column":63}},"41":{"start":{"line":111,"column":0},"end":{"line":114,"column":2}},"42":{"start":{"line":112,"column":61},"end":{"line":112,"column":69}},"43":{"start":{"line":113,"column":2},"end":{"line":113,"column":63}},"44":{"start":{"line":120,"column":0},"end":{"line":187,"column":2}},"45":{"start":{"line":121,"column":2},"end":{"line":186,"column":3}},"46":{"start":{"line":122,"column":25},"end":{"line":122,"column":33}},"47":{"start":{"line":123,"column":4},"end":{"line":125,"column":5}},"48":{"start":{"line":124,"column":6},"end":{"line":124,"column":69}},"49":{"start":{"line":128,"column":4},"end":{"line":173,"column":5}},"50":{"start":{"line":129,"column":6},"end":{"line":129,"column":47}},"51":{"start":{"line":130,"column":6},"end":{"line":130,"column":24}},"52":{"start":{"line":133,"column":20},"end":{"line":133,"column":30}},"53":{"start":{"line":134,"column":22},"end":{"line":134,"column":55}},"54":{"start":{"line":137,"column":6},"end":{"line":139,"column":7}},"55":{"start":{"line":138,"column":8},"end":{"line":138,"column":44}},"56":{"start":{"line":140,"column":6},"end":{"line":140,"column":92}},"57":{"start":{"line":143,"column":24},"end":{"line":143,"column":25}},"58":{"start":{"line":144,"column":22},"end":{"line":144,"column":37}},"59":{"start":{"line":145,"column":6},"end":{"line":145,"column":49}},"60":{"start":{"line":147,"column":6},"end":{"line":155,"column":7}},"61":{"start":{"line":148,"column":29},"end":{"line":148,"column":66}},"62":{"start":{"line":149,"column":8},"end":{"line":154,"column":9}},"63":{"start":{"line":150,"column":10},"end":{"line":150,"column":24}},"64":{"start":{"line":151,"column":10},"end":{"line":151,"column":53}},"65":{"start":{"line":153,"column":10},"end":{"line":153,"column":16}},"66":{"start":{"line":157,"column":6},"end":{"line":157,"column":47}},"67":{"start":{"line":159,"column":6},"end":{"line":161,"column":7}},"68":{"start":{"line":160,"column":8},"end":{"line":160,"column":60}},"69":{"start":{"line":165,"column":33},"end":{"line":165,"column":62}},"70":{"start":{"line":167,"column":6},"end":{"line":167,"column":28}},"71":{"start":{"line":170,"column":6},"end":{"line":172,"column":9}},"72":{"start":{"line":171,"column":8},"end":{"line":171,"column":80}},"73":{"start":{"line":175,"column":4},"end":{"line":183,"column":7}},"74":{"start":{"line":185,"column":4},"end":{"line":185,"column":14}},"75":{"start":{"line":193,"column":0},"end":{"line":205,"column":2}},"76":{"start":{"line":194,"column":2},"end":{"line":204,"column":3}},"77":{"start":{"line":195,"column":21},"end":{"line":199,"column":13}},"78":{"start":{"line":201,"column":4},"end":{"line":201,"column":23}},"79":{"start":{"line":203,"column":4},"end":{"line":203,"column":14}}},"fnMap":{"0":{"name":"(anonymous_0)","decl":{"start":{"line":11,"column":21},"end":{"line":11,"column":22}},"loc":{"start":{"line":11,"column":35},"end":{"line":22,"column":1}},"line":11},"1":{"name":"(anonymous_1)","decl":{"start":{"line":28,"column":24},"end":{"line":28,"column":25}},"loc":{"start":{"line":28,"column":50},"end":{"line":50,"column":1}},"line":28},"2":{"name":"(anonymous_2)","decl":{"start":{"line":56,"column":23},"end":{"line":56,"column":24}},"loc":{"start":{"line":56,"column":49},"end":{"line":105,"column":1}},"line":56},"3":{"name":"(anonymous_3)","decl":{"start":{"line":111,"column":22},"end":{"line":111,"column":23}},"loc":{"start":{"line":111,"column":36},"end":{"line":114,"column":1}},"line":111},"4":{"name":"(anonymous_4)","decl":{"start":{"line":120,"column":25},"end":{"line":120,"column":26}},"loc":{"start":{"line":120,"column":51},"end":{"line":187,"column":1}},"line":120},"5":{"name":"(anonymous_5)","decl":{"start":{"line":170,"column":43},"end":{"line":170,"column":44}},"loc":{"start":{"line":170,"column":50},"end":{"line":172,"column":7}},"line":170},"6":{"name":"(anonymous_6)","decl":{"start":{"line":193,"column":25},"end":{"line":193,"column":26}},"loc":{"start":{"line":193,"column":51},"end":{"line":205,"column":1}},"line":193}},"branchMap":{"0":{"loc":{"start":{"line":12,"column":18},"end":{"line":12,"column":68}},"type":"cond-expr","locations":[{"start":{"line":12,"column":38},"end":{"line":12,"column":57}},{"start":{"line":12,"column":60},"end":{"line":12,"column":68}}],"line":12},"1":{"loc":{"start":{"line":16,"column":29},"end":{"line":16,"column":103}},"type":"cond-expr","locations":[{"start":{"line":16,"column":55},"end":{"line":16,"column":98}},{"start":{"line":16,"column":101},"end":{"line":16,"column":103}}],"line":16},"2":{"loc":{"start":{"line":33,"column":4},"end":{"line":38,"column":5}},"type":"if","locations":[{"start":{"line":33,"column":4},"end":{"line":38,"column":5}},{"start":{},"end":{}}],"line":33},"3":{"loc":{"start":{"line":33,"column":8},"end":{"line":33,"column":50}},"type":"binary-expr","locations":[{"start":{"line":33,"column":8},"end":{"line":33,"column":16}},{"start":{"line":33,"column":20},"end":{"line":33,"column":50}}],"line":33},"4":{"loc":{"start":{"line":35,"column":6},"end":{"line":37,"column":7}},"type":"if","locations":[{"start":{"line":35,"column":6},"end":{"line":37,"column":7}},{"start":{},"end":{}}],"line":35},"5":{"loc":{"start":{"line":40,"column":4},"end":{"line":40,"column":35}},"type":"if","locations":[{"start":{"line":40,"column":4},"end":{"line":40,"column":35}},{"start":{},"end":{}}],"line":40},"6":{"loc":{"start":{"line":41,"column":4},"end":{"line":41,"column":47}},"type":"if","locations":[{"start":{"line":41,"column":4},"end":{"line":41,"column":47}},{"start":{},"end":{}}],"line":41},"7":{"loc":{"start":{"line":58,"column":4},"end":{"line":60,"column":5}},"type":"if","locations":[{"start":{"line":58,"column":4},"end":{"line":60,"column":5}},{"start":{},"end":{}}],"line":58},"8":{"loc":{"start":{"line":63,"column":4},"end":{"line":66,"column":5}},"type":"if","locations":[{"start":{"line":63,"column":4},"end":{"line":66,"column":5}},{"start":{},"end":{}}],"line":63},"9":{"loc":{"start":{"line":63,"column":8},"end":{"line":63,"column":79}},"type":"binary-expr","locations":[{"start":{"line":63,"column":8},"end":{"line":63,"column":41}},{"start":{"line":63,"column":45},"end":{"line":63,"column":79}}],"line":63},"10":{"loc":{"start":{"line":98,"column":4},"end":{"line":100,"column":5}},"type":"if","locations":[{"start":{"line":98,"column":4},"end":{"line":100,"column":5}},{"start":{},"end":{}}],"line":98},"11":{"loc":{"start":{"line":98,"column":8},"end":{"line":98,"column":55}},"type":"binary-expr","locations":[{"start":{"line":98,"column":8},"end":{"line":98,"column":19}},{"start":{"line":98,"column":23},"end":{"line":98,"column":55}}],"line":98},"12":{"loc":{"start":{"line":123,"column":4},"end":{"line":125,"column":5}},"type":"if","locations":[{"start":{"line":123,"column":4},"end":{"line":125,"column":5}},{"start":{},"end":{}}],"line":123},"13":{"loc":{"start":{"line":128,"column":4},"end":{"line":173,"column":5}},"type":"if","locations":[{"start":{"line":128,"column":4},"end":{"line":173,"column":5}},{"start":{},"end":{}}],"line":128},"14":{"loc":{"start":{"line":137,"column":6},"end":{"line":139,"column":7}},"type":"if","locations":[{"start":{"line":137,"column":6},"end":{"line":139,"column":7}},{"start":{},"end":{}}],"line":137},"15":{"loc":{"start":{"line":140,"column":44},"end":{"line":140,"column":85}},"type":"binary-expr","locations":[{"start":{"line":140,"column":44},"end":{"line":140,"column":80}},{"start":{"line":140,"column":84},"end":{"line":140,"column":85}}],"line":140},"16":{"loc":{"start":{"line":149,"column":8},"end":{"line":154,"column":9}},"type":"if","locations":[{"start":{"line":149,"column":8},"end":{"line":154,"column":9}},{"start":{"line":152,"column":15},"end":{"line":154,"column":9}}],"line":149},"17":{"loc":{"start":{"line":159,"column":6},"end":{"line":161,"column":7}},"type":"if","locations":[{"start":{"line":159,"column":6},"end":{"line":161,"column":7}},{"start":{},"end":{}}],"line":159},"18":{"loc":{"start":{"line":179,"column":17},"end":{"line":179,"column":41}},"type":"binary-expr","locations":[{"start":{"line":179,"column":17},"end":{"line":179,"column":35}},{"start":{"line":179,"column":39},"end":{"line":179,"column":41}}],"line":179},"19":{"loc":{"start":{"line":182,"column":41},"end":{"line":182,"column":77}},"type":"binary-expr","locations":[{"start":{"line":182,"column":41},"end":{"line":182,"column":64}},{"start":{"line":182,"column":68},"end":{"line":182,"column":77}}],"line":182}},"s":{"0":1,"1":1,"2":1,"3":1,"4":1,"5":0,"6":0,"7":0,"8":0,"9":1,"10":0,"11":0,"12":0,"13":0,"14":0,"15":0,"16":0,"17":0,"18":0,"19":0,"20":0,"21":0,"22":0,"23":0,"24":1,"25":0,"26":0,"27":0,"28":0,"29":0,"30":0,"31":0,"32":0,"33":0,"34":0,"35":0,"36":0,"37":0,"38":0,"39":0,"40":0,"41":1,"42":0,"43":0,"44":1,"45":0,"46":0,"47":0,"48":0,"49":0,"50":0,"51":0,"52":0,"53":0,"54":0,"55":0,"56":0,"57":0,"58":0,"59":0,"60":0,"61":0,"62":0,"63":0,"64":0,"65":0,"66":0,"67":0,"68":0,"69":0,"70":0,"71":0,"72":0,"73":0,"74":0,"75":1,"76":2,"77":2,"78":2,"79":0},"f":{"0":0,"1":0,"2":0,"3":0,"4":0,"5":0,"6":2},"b":{"0":[0,0],"1":[0,0],"2":[0,0],"3":[0,0],"4":[0,0],"5":[0,0],"6":[0,0],"7":[0,0],"8":[0,0],"9":[0,0],"10":[0,0],"11":[0,0],"12":[0,0],"13":[0,0],"14":[0,0],"15":[0,0],"16":[0,0],"17":[0,0],"18":[0,0],"19":[0,0]},"_coverageSchema":"1a1c01bbd47fc00a2c39e90264f33305004495a9","hash":"98771358153cf8b8e4efea5fb4ffa6141b6a67f0"}
,"/home/ansif/Documents/Learning-website/backend/middleware/authMiddleware.js": {"path":"/home/ansif/Documents/Learning-website/backend/middleware/authMiddleware.js","statementMap":{"0":{"start":{"line":1,"column":46},"end":{"line":1,"column":71}},"1":{"start":{"line":2,"column":13},"end":{"line":2,"column":38}},"2":{"start":{"line":4,"column":0},"end":{"line":55,"column":2}},"3":{"start":{"line":5,"column":2},"end":{"line":54,"column":3}},"4":{"start":{"line":6,"column":23},"end":{"line":6,"column":48}},"5":{"start":{"line":7,"column":4},"end":{"line":7,"column":118}},"6":{"start":{"line":8,"column":47},"end":{"line":8,"column":59}},"7":{"start":{"line":9,"column":4},"end":{"line":9,"column":79}},"8":{"start":{"line":11,"column":4},"end":{"line":14,"column":5}},"9":{"start":{"line":12,"column":6},"end":{"line":12,"column":51}},"10":{"start":{"line":13,"column":6},"end":{"line":13,"column":80}},"11":{"start":{"line":18,"column":4},"end":{"line":23,"column":5}},"12":{"start":{"line":19,"column":6},"end":{"line":19,"column":59}},"13":{"start":{"line":21,"column":6},"end":{"line":21,"column":68}},"14":{"start":{"line":22,"column":6},"end":{"line":22,"column":94}},"15":{"start":{"line":26,"column":26},"end":{"line":26,"column":66}},"16":{"start":{"line":27,"column":26},"end":{"line":27,"column":52}},"17":{"start":{"line":30,"column":15},"end":{"line":30,"column":46}},"18":{"start":{"line":31,"column":4},"end":{"line":47,"column":5}},"19":{"start":{"line":32,"column":6},"end":{"line":38,"column":9}},"20":{"start":{"line":41,"column":6},"end":{"line":41,"column":32}},"21":{"start":{"line":43,"column":6},"end":{"line":45,"column":7}},"22":{"start":{"line":44,"column":8},"end":{"line":44,"column":39}},"23":{"start":{"line":46,"column":6},"end":{"line":46,"column":24}},"24":{"start":{"line":49,"column":4},"end":{"line":49,"column":20}},"25":{"start":{"line":50,"column":4},"end":{"line":50,"column":11}},"26":{"start":{"line":52,"column":4},"end":{"line":52,"column":38}},"27":{"start":{"line":53,"column":4},"end":{"line":53,"column":59}}},"fnMap":{"0":{"name":"(anonymous_0)","decl":{"start":{"line":4,"column":18},"end":{"line":4,"column":19}},"loc":{"start":{"line":4,"column":44},"end":{"line":55,"column":1}},"line":4}},"branchMap":{"0":{"loc":{"start":{"line":11,"column":4},"end":{"line":14,"column":5}},"type":"if","locations":[{"start":{"line":11,"column":4},"end":{"line":14,"column":5}},{"start":{},"end":{}}],"line":11},"1":{"loc":{"start":{"line":26,"column":26},"end":{"line":26,"column":66}},"type":"binary-expr","locations":[{"start":{"line":26,"column":26},"end":{"line":26,"column":56}},{"start":{"line":26,"column":60},"end":{"line":26,"column":66}}],"line":26},"2":{"loc":{"start":{"line":27,"column":26},"end":{"line":27,"column":52}},"type":"binary-expr","locations":[{"start":{"line":27,"column":26},"end":{"line":27,"column":44}},{"start":{"line":27,"column":48},"end":{"line":27,"column":52}}],"line":27},"3":{"loc":{"start":{"line":31,"column":4},"end":{"line":47,"column":5}},"type":"if","locations":[{"start":{"line":31,"column":4},"end":{"line":47,"column":5}},{"start":{"line":39,"column":11},"end":{"line":47,"column":5}}],"line":31},"4":{"loc":{"start":{"line":34,"column":14},"end":{"line":34,"column":110}},"type":"cond-expr","locations":[{"start":{"line":34,"column":36},"end":{"line":34,"column":95}},{"start":{"line":34,"column":98},"end":{"line":34,"column":110}}],"line":34},"5":{"loc":{"start":{"line":34,"column":62},"end":{"line":34,"column":86}},"type":"binary-expr","locations":[{"start":{"line":34,"column":62},"end":{"line":34,"column":80}},{"start":{"line":34,"column":84},"end":{"line":34,"column":86}}],"line":34},"6":{"loc":{"start":{"line":35,"column":15},"end":{"line":35,"column":85}},"type":"binary-expr","locations":[{"start":{"line":35,"column":15},"end":{"line":35,"column":58}},{"start":{"line":35,"column":62},"end":{"line":35,"column":85}}],"line":35},"7":{"loc":{"start":{"line":43,"column":6},"end":{"line":45,"column":7}},"type":"if","locations":[{"start":{"line":43,"column":6},"end":{"line":45,"column":7}},{"start":{},"end":{}}],"line":43},"8":{"loc":{"start":{"line":43,"column":10},"end":{"line":43,"column":42}},"type":"binary-expr","locations":[{"start":{"line":43,"column":10},"end":{"line":43,"column":25}},{"start":{"line":43,"column":29},"end":{"line":43,"column":42}}],"line":43}},"s":{"0":1,"1":1,"2":1,"3":0,"4":0,"5":0,"6":0,"7":0,"8":0,"9":0,"10":0,"11":0,"12":0,"13":0,"14":0,"15":0,"16":0,"17":0,"18":0,"19":0,"20":0,"21":0,"22":0,"23":0,"24":0,"25":0,"26":0,"27":0},"f":{"0":0},"b":{"0":[0,0],"1":[0,0],"2":[0,0],"3":[0,0],"4":[0,0],"5":[0,0],"6":[0,0],"7":[0,0],"8":[0,0]},"_coverageSchema":"1a1c01bbd47fc00a2c39e90264f33305004495a9","hash":"28d9eab746ee8b2257aef402f4bf4cea67c05fe8"}
,"/home/ansif/Documents/Learning-website/backend/models/Lesson.js": {"path":"/home/ansif/Documents/Learning-website/backend/models/Lesson.js","statementMap":{"0":{"start":{"line":1,"column":17},"end":{"line":1,"column":36}},"1":{"start":{"line":3,"column":16},"end":{"line":3,"column":34}},"2":{"start":{"line":5,"column":21},"end":{"line":12,"column":24}},"3":{"start":{"line":14,"column":0},"end":{"line":19,"column":3}},"4":{"start":{"line":15,"column":2},"end":{"line":17,"column":3}},"5":{"start":{"line":16,"column":4},"end":{"line":16,"column":67}},"6":{"start":{"line":18,"column":2},"end":{"line":18,"column":9}},"7":{"start":{"line":21,"column":0},"end":{"line":21,"column":56}}},"fnMap":{"0":{"name":"(anonymous_0)","decl":{"start":{"line":14,"column":25},"end":{"line":14,"column":26}},"loc":{"start":{"line":14,"column":40},"end":{"line":19,"column":1}},"line":14}},"branchMap":{"0":{"loc":{"start":{"line":15,"column":2},"end":{"line":17,"column":3}},"type":"if","locations":[{"start":{"line":15,"column":2},"end":{"line":17,"column":3}},{"start":{},"end":{}}],"line":15}},"s":{"0":1,"1":1,"2":1,"3":1,"4":0,"5":0,"6":0,"7":1},"f":{"0":0},"b":{"0":[0,0]},"_coverageSchema":"1a1c01bbd47fc00a2c39e90264f33305004495a9","hash":"32d5a56e0c0a80f329c5d2e0bb405e940122071c"}
,"/home/ansif/Documents/Learning-website/backend/models/Quiz.js": {"path":"/home/ansif/Documents/Learning-website/backend/models/Quiz.js","statementMap":{"0":{"start":{"line":1,"column":17},"end":{"line":1,"column":36}},"1":{"start":{"line":3,"column":19},"end":{"line":12,"column":2}},"2":{"start":{"line":14,"column":0},"end":{"line":14,"column":52}}},"fnMap":{},"branchMap":{},"s":{"0":1,"1":1,"2":1},"f":{},"b":{},"_coverageSchema":"1a1c01bbd47fc00a2c39e90264f33305004495a9","hash":"34ff24b95d91d843eb64390858608737f672725f"}
,"/home/ansif/Documents/Learning-website/backend/models/User.js": {"path":"/home/ansif/Documents/Learning-website/backend/models/User.js","statementMap":{"0":{"start":{"line":1,"column":17},"end":{"line":1,"column":36}},"1":{"start":{"line":2,"column":15},"end":{"line":2,"column":34}},"2":{"start":{"line":4,"column":19},"end":{"line":20,"column":24}},"3":{"start":{"line":23,"column":0},"end":{"line":32,"column":3}},"4":{"start":{"line":24,"column":2},"end":{"line":31,"column":3}},"5":{"start":{"line":25,"column":4},"end":{"line":25,"column":70}},"6":{"start":{"line":25,"column":56},"end":{"line":25,"column":70}},"7":{"start":{"line":26,"column":4},"end":{"line":26,"column":57}},"8":{"start":{"line":27,"column":4},"end":{"line":27,"column":11}},"9":{"start":{"line":29,"column":4},"end":{"line":29,"column":50}},"10":{"start":{"line":30,"column":4},"end":{"line":30,"column":14}},"11":{"start":{"line":34,"column":0},"end":{"line":34,"column":52}}},"fnMap":{"0":{"name":"(anonymous_0)","decl":{"start":{"line":23,"column":23},"end":{"line":23,"column":24}},"loc":{"start":{"line":23,"column":45},"end":{"line":32,"column":1}},"line":23}},"branchMap":{"0":{"loc":{"start":{"line":25,"column":4},"end":{"line":25,"column":70}},"type":"if","locations":[{"start":{"line":25,"column":4},"end":{"line":25,"column":70}},{"start":{},"end":{}}],"line":25},"1":{"loc":{"start":{"line":25,"column":8},"end":{"line":25,"column":54}},"type":"binary-expr","locations":[{"start":{"line":25,"column":8},"end":{"line":25,"column":36}},{"start":{"line":25,"column":40},"end":{"line":25,"column":54}}],"line":25}},"s":{"0":1,"1":1,"2":1,"3":1,"4":4,"5":4,"6":4,"7":0,"8":0,"9":0,"10":0,"11":1},"f":{"0":4},"b":{"0":[4,0],"1":[4,0]},"_coverageSchema":"1a1c01bbd47fc00a2c39e90264f33305004495a9","hash":"f7645a0e42e05e098feb7b8000b12c916af87982"}
,"/home/ansif/Documents/Learning-website/backend/routes/userRoutes.js": {"path":"/home/ansif/Documents/Learning-website/backend/routes/userRoutes.js","statementMap":{"0":{"start":{"line":1,"column":16},"end":{"line":1,"column":34}},"1":{"start":{"line":2,"column":15},"end":{"line":2,"column":32}},"2":{"start":{"line":3,"column":20},"end":{"line":3,"column":59}},"3":{"start":{"line":9,"column":4},"end":{"line":9,"column":44}},"4":{"start":{"line":10,"column":15},"end":{"line":10,"column":31}},"5":{"start":{"line":13,"column":15},"end":{"line":13,"column":58}},"6":{"start":{"line":20,"column":0},"end":{"line":20,"column":44}},"7":{"start":{"line":27,"column":0},"end":{"line":32,"column":2}},"8":{"start":{"line":39,"column":0},"end":{"line":39,"column":46}},"9":{"start":{"line":47,"column":0},"end":{"line":47,"column":57}},"10":{"start":{"line":54,"column":0},"end":{"line":54,"column":88}},"11":{"start":{"line":61,"column":0},"end":{"line":61,"column":84}},"12":{"start":{"line":63,"column":0},"end":{"line":63,"column":24}}},"fnMap":{},"branchMap":{},"s":{"0":1,"1":1,"2":1,"3":1,"4":1,"5":1,"6":1,"7":1,"8":1,"9":1,"10":1,"11":1,"12":1},"f":{},"b":{},"_coverageSchema":"1a1c01bbd47fc00a2c39e90264f33305004495a9","hash":"c358171b4112b0b55f7417c11c41d653ae19066a"}
,"/home/ansif/Documents/Learning-website/backend/utils/gamification.js": {"path":"/home/ansif/Documents/Learning-website/backend/utils/gamification.js","statementMap":{"0":{"start":{"line":6,"column":15},"end":{"line":15,"column":1}},"1":{"start":{"line":22,"column":28},"end":{"line":67,"column":1}},"2":{"start":{"line":23,"column":20},"end":{"line":23,"column":22}},"3":{"start":{"line":24,"column":24},"end":{"line":24,"column":50}},"4":{"start":{"line":26,"column":16},"end":{"line":32,"column":3}},"5":{"start":{"line":27,"column":4},"end":{"line":31,"column":5}},"6":{"start":{"line":28,"column":6},"end":{"line":28,"column":34}},"7":{"start":{"line":29,"column":6},"end":{"line":29,"column":35}},"8":{"start":{"line":30,"column":6},"end":{"line":30,"column":32}},"9":{"start":{"line":35,"column":2},"end":{"line":37,"column":3}},"10":{"start":{"line":36,"column":4},"end":{"line":36,"column":29}},"11":{"start":{"line":38,"column":2},"end":{"line":40,"column":3}},"12":{"start":{"line":39,"column":4},"end":{"line":39,"column":29}},"13":{"start":{"line":43,"column":2},"end":{"line":45,"column":3}},"14":{"start":{"line":44,"column":4},"end":{"line":44,"column":30}},"15":{"start":{"line":46,"column":2},"end":{"line":48,"column":3}},"16":{"start":{"line":47,"column":4},"end":{"line":47,"column":30}},"17":{"start":{"line":51,"column":2},"end":{"line":53,"column":3}},"18":{"start":{"line":52,"column":4},"end":{"line":52,"column":24}},"19":{"start":{"line":54,"column":2},"end":{"line":56,"column":3}},"20":{"start":{"line":55,"column":4},"end":{"line":55,"column":25}},"21":{"start":{"line":59,"column":2},"end":{"line":61,"column":3}},"22":{"start":{"line":60,"column":4},"end":{"line":60,"column":27}},"23":{"start":{"line":62,"column":2},"end":{"line":64,"column":3}},"24":{"start":{"line":63,"column":4},"end":{"line":63,"column":27}},"25":{"start":{"line":66,"column":2},"end":{"line":66,"column":19}},"26":{"start":{"line":69,"column":0},"end":{"line":72,"column":2}}},"fnMap":{"0":{"name":"(anonymous_0)","decl":{"start":{"line":22,"column":28},"end":{"line":22,"column":29}},"loc":{"start":{"line":22,"column":38},"end":{"line":67,"column":1}},"line":22},"1":{"name":"(anonymous_1)","decl":{"start":{"line":26,"column":16},"end":{"line":26,"column":17}},"loc":{"start":{"line":26,"column":31},"end":{"line":32,"column":3}},"line":26}},"branchMap":{"0":{"loc":{"start":{"line":24,"column":32},"end":{"line":24,"column":49}},"type":"binary-expr","locations":[{"start":{"line":24,"column":32},"end":{"line":24,"column":43}},{"start":{"line":24,"column":47},"end":{"line":24,"column":49}}],"line":24},"1":{"loc":{"start":{"line":27,"column":4},"end":{"line":31,"column":5}},"type":"if","locations":[{"start":{"line":27,"column":4},"end":{"line":31,"column":5}},{"start":{},"end":{}}],"line":27},"2":{"loc":{"start":{"line":35,"column":2},"end":{"line":37,"column":3}},"type":"if","locations":[{"start":{"line":35,"column":2},"end":{"line":37,"column":3}},{"start":{},"end":{}}],"line":35},"3":{"loc":{"start":{"line":35,"column":6},"end":{"line":35,"column":64}},"type":"binary-expr","locations":[{"start":{"line":35,"column":6},"end":{"line":35,"column":27}},{"start":{"line":35,"column":31},"end":{"line":35,"column":64}}],"line":35},"4":{"loc":{"start":{"line":38,"column":2},"end":{"line":40,"column":3}},"type":"if","locations":[{"start":{"line":38,"column":2},"end":{"line":40,"column":3}},{"start":{},"end":{}}],"line":38},"5":{"loc":{"start":{"line":38,"column":6},"end":{"line":38,"column":64}},"type":"binary-expr","locations":[{"start":{"line":38,"column":6},"end":{"line":38,"column":27}},{"start":{"line":38,"column":31},"end":{"line":38,"column":64}}],"line":38},"6":{"loc":{"start":{"line":43,"column":2},"end":{"line":45,"column":3}},"type":"if","locations":[{"start":{"line":43,"column":2},"end":{"line":45,"column":3}},{"start":{},"end":{}}],"line":43},"7":{"loc":{"start":{"line":43,"column":6},"end":{"line":43,"column":64}},"type":"binary-expr","locations":[{"start":{"line":43,"column":6},"end":{"line":43,"column":27}},{"start":{"line":43,"column":31},"end":{"line":43,"column":64}}],"line":43},"8":{"loc":{"start":{"line":46,"column":2},"end":{"line":48,"column":3}},"type":"if","locations":[{"start":{"line":46,"column":2},"end":{"line":48,"column":3}},{"start":{},"end":{}}],"line":46},"9":{"loc":{"start":{"line":46,"column":6},"end":{"line":46,"column":64}},"type":"binary-expr","locations":[{"start":{"line":46,"column":6},"end":{"line":46,"column":27}},{"start":{"line":46,"column":31},"end":{"line":46,"column":64}}],"line":46},"10":{"loc":{"start":{"line":51,"column":2},"end":{"line":53,"column":3}},"type":"if","locations":[{"start":{"line":51,"column":2},"end":{"line":53,"column":3}},{"start":{},"end":{}}],"line":51},"11":{"loc":{"start":{"line":54,"column":2},"end":{"line":56,"column":3}},"type":"if","locations":[{"start":{"line":54,"column":2},"end":{"line":56,"column":3}},{"start":{},"end":{}}],"line":54},"12":{"loc":{"start":{"line":59,"column":2},"end":{"line":61,"column":3}},"type":"if","locations":[{"start":{"line":59,"column":2},"end":{"line":61,"column":3}},{"start":{},"end":{}}],"line":59},"13":{"loc":{"start":{"line":62,"column":2},"end":{"line":64,"column":3}},"type":"if","locations":[{"start":{"line":62,"column":2},"end":{"line":64,"column":3}},{"start":{},"end":{}}],"line":62}},"s":{"0":1,"1":1,"2":0,"3":0,"4":0,"5":0,"6":0,"7":0,"8":0,"9":0,"10":0,"11":0,"12":0,"13":0,"14":0,"15":0,"16":0,"17":0,"18":0,"19":0,"20":0,"21":0,"22":0,"23":0,"24":0,"25":0,"26":1},"f":{"0":0,"1":0},"b":{"0":[0,0],"1":[0,0],"2":[0,0],"3":[0,0],"4":[0,0],"5":[0,0],"6":[0,0],"7":[0,0],"8":[0,0],"9":[0,0],"10":[0,0],"11":[0,0],"12":[0,0],"13":[0,0]},"_coverageSchema":"1a1c01bbd47fc00a2c39e90264f33305004495a9","hash":"ceb83cc4cdcafcc325edbfbc74170dd0e6336e1e"}
,"/home/ansif/Documents/Learning-website/backend/utils/imagekit.js": {"path":"/home/ansif/Documents/Learning-website/backend/utils/imagekit.js","statementMap":{"0":{"start":{"line":1,"column":17},"end":{"line":1,"column":44}},"1":{"start":{"line":3,"column":17},"end":{"line":6,"column":2}},"2":{"start":{"line":8,"column":0},"end":{"line":8,"column":26}}},"fnMap":{},"branchMap":{},"s":{"0":1,"1":1,"2":1},"f":{},"b":{},"_coverageSchema":"1a1c01bbd47fc00a2c39e90264f33305004495a9","hash":"b6c8788ac1f1a0128629335e3e6924bd14e71fd2"}
}
