TN:
SF:controllers/quizController.js
FN:6,(anonymous_0)
FN:72,(anonymous_1)
FN:88,(anonymous_2)
FN:97,(anonymous_3)
FN:125,(anonymous_4)
FN:132,(anonymous_5)
FN:161,(anonymous_6)
FNF:7
FNH:0
FNDA:0,(anonymous_0)
FNDA:0,(anonymous_1)
FNDA:0,(anonymous_2)
FNDA:0,(anonymous_3)
FNDA:0,(anonymous_4)
FNDA:0,(anonymous_5)
FNDA:0,(anonymous_6)
DA:1,1
DA:2,1
DA:3,1
DA:4,1
DA:6,1
DA:8,0
DA:9,0
DA:12,0
DA:13,0
DA:15,0
DA:16,0
DA:18,0
DA:51,0
DA:52,0
DA:60,0
DA:61,0
DA:62,0
DA:64,0
DA:65,0
DA:66,0
DA:69,1
DA:72,1
DA:73,0
DA:74,0
DA:75,0
DA:76,0
DA:77,0
DA:79,0
DA:80,0
DA:82,0
DA:83,0
DA:88,1
DA:89,0
DA:90,0
DA:91,0
DA:92,0
DA:93,0
DA:97,1
DA:98,0
DA:99,0
DA:102,0
DA:103,0
DA:106,0
DA:107,0
DA:109,0
DA:110,0
DA:113,0
DA:114,0
DA:120,0
DA:121,0
DA:125,0
DA:126,0
DA:129,0
DA:130,0
DA:132,0
DA:134,0
DA:135,0
DA:136,0
DA:139,0
DA:140,0
DA:141,0
DA:142,0
DA:143,0
DA:144,0
DA:145,0
DA:146,0
DA:147,0
DA:148,0
DA:149,0
DA:152,0
DA:154,0
DA:155,0
DA:156,0
DA:160,0
DA:161,0
DA:164,0
DA:175,0
DA:176,0
DA:177,0
DA:181,0
DA:184,0
DA:186,0
DA:188,0
DA:198,0
DA:199,0
LF:85
LH:9
BRDA:8,0,0,0
BRDA:8,0,1,0
BRDA:13,1,0,0
BRDA:13,1,1,0
BRDA:16,2,0,0
BRDA:16,2,1,0
BRDA:75,3,0,0
BRDA:75,3,1,0
BRDA:79,4,0,0
BRDA:79,4,1,0
BRDA:90,5,0,0
BRDA:90,5,1,0
BRDA:92,6,0,0
BRDA:92,6,1,0
BRDA:102,7,0,0
BRDA:102,7,1,0
BRDA:107,8,0,0
BRDA:107,8,1,0
BRDA:110,9,0,0
BRDA:110,9,1,0
BRDA:113,10,0,0
BRDA:113,10,1,0
BRDA:120,11,0,0
BRDA:120,11,1,0
BRDA:125,12,0,0
BRDA:125,12,1,0
BRDA:125,13,0,0
BRDA:125,13,1,0
BRDA:125,13,2,0
BRDA:135,14,0,0
BRDA:135,14,1,0
BRDA:136,15,0,0
BRDA:136,15,1,0
BRDA:139,16,0,0
BRDA:139,16,1,0
BRDA:141,17,0,0
BRDA:141,17,1,0
BRDA:142,18,0,0
BRDA:142,18,1,0
BRDA:142,19,0,0
BRDA:142,19,1,0
BRDA:144,20,0,0
BRDA:144,20,1,0
BRDA:145,21,0,0
BRDA:145,21,1,0
BRDA:146,22,0,0
BRDA:146,22,1,0
BRDA:147,23,0,0
BRDA:147,23,1,0
BRDA:148,24,0,0
BRDA:148,24,1,0
BRDA:149,25,0,0
BRDA:149,25,1,0
BRDA:149,26,0,0
BRDA:149,26,1,0
BRDA:154,27,0,0
BRDA:154,27,1,0
BRDA:160,28,0,0
BRDA:160,28,1,0
BRDA:176,29,0,0
BRDA:176,29,1,0
BRDA:194,30,0,0
BRDA:194,30,1,0
BRF:63
BRH:0
end_of_record
TN:
SF:controllers/userController.js
FN:11,(anonymous_0)
FN:28,(anonymous_1)
FN:56,(anonymous_2)
FN:111,(anonymous_3)
FN:120,(anonymous_4)
FN:170,(anonymous_5)
FN:193,(anonymous_6)
FNF:7
FNH:1
FNDA:0,(anonymous_0)
FNDA:0,(anonymous_1)
FNDA:0,(anonymous_2)
FNDA:0,(anonymous_3)
FNDA:0,(anonymous_4)
FNDA:0,(anonymous_5)
FNDA:2,(anonymous_6)
DA:1,1
DA:2,1
DA:3,1
DA:4,1
DA:11,1
DA:12,0
DA:13,0
DA:16,0
DA:18,0
DA:28,1
DA:29,0
DA:30,0
DA:33,0
DA:34,0
DA:35,0
DA:36,0
DA:40,0
DA:41,0
DA:43,0
DA:45,0
DA:46,0
DA:48,0
DA:56,1
DA:57,0
DA:58,0
DA:59,0
DA:63,0
DA:64,0
DA:65,0
DA:69,0
DA:76,0
DA:83,0
DA:85,0
DA:86,0
DA:88,0
DA:90,0
DA:98,0
DA:99,0
DA:103,0
DA:111,1
DA:112,0
DA:113,0
DA:120,1
DA:121,0
DA:122,0
DA:123,0
DA:124,0
DA:128,0
DA:129,0
DA:130,0
DA:133,0
DA:134,0
DA:137,0
DA:138,0
DA:140,0
DA:143,0
DA:144,0
DA:145,0
DA:147,0
DA:148,0
DA:149,0
DA:150,0
DA:151,0
DA:153,0
DA:157,0
DA:159,0
DA:160,0
DA:165,0
DA:167,0
DA:170,0
DA:171,0
DA:175,0
DA:185,0
DA:193,1
DA:194,2
DA:195,2
DA:201,2
DA:203,0
LF:78
LH:13
BRDA:12,0,0,0
BRDA:12,0,1,0
BRDA:16,1,0,0
BRDA:16,1,1,0
BRDA:33,2,0,0
BRDA:33,2,1,0
BRDA:33,3,0,0
BRDA:33,3,1,0
BRDA:35,4,0,0
BRDA:35,4,1,0
BRDA:40,5,0,0
BRDA:40,5,1,0
BRDA:41,6,0,0
BRDA:41,6,1,0
BRDA:58,7,0,0
BRDA:58,7,1,0
BRDA:63,8,0,0
BRDA:63,8,1,0
BRDA:63,9,0,0
BRDA:63,9,1,0
BRDA:98,10,0,0
BRDA:98,10,1,0
BRDA:98,11,0,0
BRDA:98,11,1,0
BRDA:123,12,0,0
BRDA:123,12,1,0
BRDA:128,13,0,0
BRDA:128,13,1,0
BRDA:137,14,0,0
BRDA:137,14,1,0
BRDA:140,15,0,0
BRDA:140,15,1,0
BRDA:149,16,0,0
BRDA:149,16,1,0
BRDA:159,17,0,0
BRDA:159,17,1,0
BRDA:179,18,0,0
BRDA:179,18,1,0
BRDA:182,19,0,0
BRDA:182,19,1,0
BRF:40
BRH:0
end_of_record
TN:
SF:middleware/authMiddleware.js
FN:4,(anonymous_0)
FNF:1
FNH:0
FNDA:0,(anonymous_0)
DA:1,1
DA:2,1
DA:4,1
DA:5,0
DA:6,0
DA:7,0
DA:8,0
DA:9,0
DA:11,0
DA:12,0
DA:13,0
DA:18,0
DA:19,0
DA:21,0
DA:22,0
DA:26,0
DA:27,0
DA:30,0
DA:31,0
DA:32,0
DA:41,0
DA:43,0
DA:44,0
DA:46,0
DA:49,0
DA:50,0
DA:52,0
DA:53,0
LF:28
LH:3
BRDA:11,0,0,0
BRDA:11,0,1,0
BRDA:26,1,0,0
BRDA:26,1,1,0
BRDA:27,2,0,0
BRDA:27,2,1,0
BRDA:31,3,0,0
BRDA:31,3,1,0
BRDA:34,4,0,0
BRDA:34,4,1,0
BRDA:34,5,0,0
BRDA:34,5,1,0
BRDA:35,6,0,0
BRDA:35,6,1,0
BRDA:43,7,0,0
BRDA:43,7,1,0
BRDA:43,8,0,0
BRDA:43,8,1,0
BRF:18
BRH:0
end_of_record
TN:
SF:models/Lesson.js
FN:14,(anonymous_0)
FNF:1
FNH:0
FNDA:0,(anonymous_0)
DA:1,1
DA:3,1
DA:5,1
DA:14,1
DA:15,0
DA:16,0
DA:18,0
DA:21,1
LF:8
LH:5
BRDA:15,0,0,0
BRDA:15,0,1,0
BRF:2
BRH:0
end_of_record
TN:
SF:models/Quiz.js
FNF:0
FNH:0
DA:1,1
DA:3,1
DA:14,1
LF:3
LH:3
BRF:0
BRH:0
end_of_record
TN:
SF:models/User.js
FN:23,(anonymous_0)
FNF:1
FNH:1
FNDA:4,(anonymous_0)
DA:1,1
DA:2,1
DA:4,1
DA:23,1
DA:24,4
DA:25,4
DA:26,0
DA:27,0
DA:29,0
DA:30,0
DA:34,1
LF:11
LH:7
BRDA:25,0,0,4
BRDA:25,0,1,0
BRDA:25,1,0,4
BRDA:25,1,1,0
BRF:4
BRH:2
end_of_record
TN:
SF:routes/userRoutes.js
FNF:0
FNH:0
DA:1,1
DA:2,1
DA:3,1
DA:9,1
DA:10,1
DA:13,1
DA:20,1
DA:27,1
DA:39,1
DA:47,1
DA:54,1
DA:61,1
DA:63,1
LF:13
LH:13
BRF:0
BRH:0
end_of_record
TN:
SF:utils/gamification.js
FN:22,(anonymous_0)
FN:26,(anonymous_1)
FNF:2
FNH:0
FNDA:0,(anonymous_0)
FNDA:0,(anonymous_1)
DA:6,1
DA:22,1
DA:23,0
DA:24,0
DA:26,0
DA:27,0
DA:28,0
DA:29,0
DA:30,0
DA:35,0
DA:36,0
DA:38,0
DA:39,0
DA:43,0
DA:44,0
DA:46,0
DA:47,0
DA:51,0
DA:52,0
DA:54,0
DA:55,0
DA:59,0
DA:60,0
DA:62,0
DA:63,0
DA:66,0
DA:69,1
LF:27
LH:3
BRDA:24,0,0,0
BRDA:24,0,1,0
BRDA:27,1,0,0
BRDA:27,1,1,0
BRDA:35,2,0,0
BRDA:35,2,1,0
BRDA:35,3,0,0
BRDA:35,3,1,0
BRDA:38,4,0,0
BRDA:38,4,1,0
BRDA:38,5,0,0
BRDA:38,5,1,0
BRDA:43,6,0,0
BRDA:43,6,1,0
BRDA:43,7,0,0
BRDA:43,7,1,0
BRDA:46,8,0,0
BRDA:46,8,1,0
BRDA:46,9,0,0
BRDA:46,9,1,0
BRDA:51,10,0,0
BRDA:51,10,1,0
BRDA:54,11,0,0
BRDA:54,11,1,0
BRDA:59,12,0,0
BRDA:59,12,1,0
BRDA:62,13,0,0
BRDA:62,13,1,0
BRF:28
BRH:0
end_of_record
TN:
SF:utils/imagekit.js
FNF:0
FNH:0
DA:1,1
DA:3,1
DA:8,1
LF:3
LH:3
BRF:0
BRH:0
end_of_record
